
[2026-01-22 05:24:47] Email to: teaaast@sch.id
Subject: Verifikasi Email - Pendaftaran Perpustakaan Digital
Code: 780884
================================================================================
[2026-01-22 05:26:08] Email to: testasdad@sch.id
Subject: Verifikasi Email - Pendaftaran Perpustakaan Digital
Code: 697151
================================================================================
[2026-01-22 05:26:46] Email to: andfgdfjalisaputra@sch.id
Subject: Verifikasi Email - Pendaftaran Perpustakaan Digital
Code: 040685
================================================================================
[2026-01-22 05:27:21] Email to: anddddfgdfjalisaputra@sch.id
Subject: Verifikasi Email - Pendaftaran Perpustakaan Digital
Code: 608871
================================================================================
[2026-01-22 05:27:39] Email to: anddddfffdgdfjalisaputra@sch.id
Subject: Verifikasi Email - Pendaftaran Perpustakaan Digital
Code: 411700
================================================================================
[2026-01-22 05:28:00] Email to: andsddfgdfjalisaputra@sch.id
Subject: Verifikasi Email - Pendaftaran Perpustakaan Digital
Code: 429647
================================================================================
[2026-01-22 07:12:41] Email to: andfgdfjalisra@sch.id
Subject: Verifikasi Email - Pendaftaran Perpustakaan Digital
Code: 374046
================================================================================
[2026-01-22 07:15:17] Email to: andfgdfjsdfsdfputra@sch.id
Subject: Verifikasi Email - Pendaftaran Perpustakaan Digital
Code: 168528
================================================================================
[2026-01-22 07:21:45] Email to: andfgdfjalisapusfgffftra@sch.id
Subject: Verifikasi Email - Pendaftaran Perpustakaan Digital
Code: 787414
================================================================================
[2026-01-22 07:26:25] Email to: anddfggfdfsaputra@sch.id
Subject: Verifikasi Email - Pendaftaran Perpustakaan Digital
Code: 803852
================================================================================
[2026-01-22 07:27:45] Email to: fghfghlisaputra@sch.id
Subject: Verifikasi Email - Pendaftaran Perpustakaan Digital
Code: 258048
================================================================================
[2026-01-22 07:32:01] Email to: smkbinamandirimultimedia@sch.id
Subject: Verifikasi Email - Pendaftaran Perpustakaan Digital
Code: 809417
================================================================================
[2026-01-22 07:34:44] Email to: Budi@sch.id
Subject: Verifikasi Email - Pendaftaran Perpustakaan Digital
Code: 240427
================================================================================
[2026-01-22 09:40:13] Email to: someone@sch.id
Subject: Verifikasi Email - Pendaftaran Perpustakaan Digital
Code: 466845
================================================================================
[2026-01-22 09:46:22] Email to: gans@sch.id
Subject: Verifikasi Email - Pendaftaran Perpustakaan Digital
Code: 654662
================================================================================
[2026-01-22 09:48:34] Email to: Budi@sch.id
Subject: Verifikasi Email - Pendaftaran Perpustakaan Digital
Code: 152122
================================================================================
[2026-01-23 02:05:00] Email to: andfgdfjalisaputrfghfgha@sch.id
Subject: Verifikasi Email - Pendaftaran Perpustakaan Digital
Code: 023827
================================================================================
[2026-01-23 02:05:44] Email to: andfgdfjalisaputrfghfghai@sch.id
Subject: Verifikasi Email - Pendaftaran Perpustakaan Digital
Code: 275733
================================================================================
[2026-01-23 02:06:15] Email to: andfgdfjalisaputrfghfghaii@sch.id
Subject: Verifikasi Email - Pendaftaran Perpustakaan Digital
Code: 053947
================================================================================
[2026-01-23 02:34:29] Email to: gani@sch.id
Subject: Verifikasi Email - Pendaftaran Perpustakaan Digital
Code: 395590
================================================================================