
[2026-02-05 08:54:11] Notification to: ada@gmail.com
Subject: Notifikasi Baru: Buku Ditambahkan ke Favorit
Title: Buku Ditambahkan ke Favorit
Message: Anda telah menambahkan "Sang Alkemis" ke koleksi favorit Anda.
================================================================================
[2026-02-05 08:54:23] Notification to: ada@gmail.com
Subject: Notifikasi Baru: Buku Ditambahkan ke Favorit
Title: Buku Ditambahkan ke Favorit
Message: Anda telah menambahkan "The Psychology of Money (Revisi)" ke koleksi favorit Anda.
================================================================================
[2026-02-05 08:54:34] Notification to: ada@gmail.com
Subject: Notifikasi Baru: Buku Ditambahkan ke Favorit
Title: Buku Ditambahkan ke Favorit
Message: Anda telah menambahkan "B.J. Habibie : Sebuah Biografi" ke koleksi favorit Anda.
================================================================================
[2026-02-05 08:54:41] Notification to: ada@gmail.com
Subject: Notifikasi Baru: Buku Ditambahkan ke Favorit
Title: Buku Ditambahkan ke Favorit
Message: Anda telah menambahkan "Madilog" ke koleksi favorit Anda.
================================================================================
[2026-02-05 09:05:04] Notification to: ada@gmail.com
Subject: Notifikasi Baru: Buku Ditambahkan ke Favorit
Title: Buku Ditambahkan ke Favorit
Message: Anda telah menambahkan "B.J. Habibie : Sebuah Biografi" ke koleksi favorit Anda.
================================================================================
[2026-02-05 09:24:31] Notification to: ada@gmail.com
Subject: Notifikasi Baru: Buku Ditambahkan ke Favorit
Title: Buku Ditambahkan ke Favorit
Message: Anda telah menambahkan "Sang Alkemis" ke koleksi favorit Anda.
================================================================================
[2026-02-05 09:24:36] Notification to: ada@gmail.com
Subject: Notifikasi Baru: Buku Ditambahkan ke Favorit
Title: Buku Ditambahkan ke Favorit
Message: Anda telah menambahkan "The Psychology of Money (Revisi)" ke koleksi favorit Anda.
================================================================================